<?xml version="1.0" encoding="UTF-8"?>
<!-- Generated by org.testng.reporters.JUnitReportReporter -->
<testsuite skipped="0" hostname="Rahul-PC" name="org.devlab.ui.testbed.RegistrationTest" tests="1" failures="0" timestamp="2020-05-17T02:00:33 IST" time="13.124" errors="0">
  <testcase name="register_user_with_valid_setof_data" time="13.124" classname="org.devlab.ui.testbed.RegistrationTest"/>
  <system-out/>
</testsuite> <!-- org.devlab.ui.testbed.RegistrationTest -->
